Info 0    [19:31:35.247] Format host information updated
Info 1    [19:31:35.249] reload projects.
Info 2    [19:31:35.250] Structure before ensureProjectForOpenFiles:
Info 3    [19:31:35.250] Structure after ensureProjectForOpenFiles:
Info 4    [19:31:35.250] Host file extension mappings updated
Info 5    [19:31:35.297] Search path: c:/Users/User/eclipse-workspace/testApp/src
Info 6    [19:31:35.300] For info: c:/Users/User/eclipse-workspace/testApp/src/index.html :: Config file name: c:/Users/User/eclipse-workspace/testApp/tsconfig.json
Info 7    [19:31:35.301] Opened configuration file c:/Users/User/eclipse-workspace/testApp/tsconfig.json
Info 8    [19:31:35.410] Loading global plugin @angular/language-service
Info 9    [19:31:35.410] Enabling plugin @angular/language-service from candidate paths: c:/Users/User/.p2/pool/plugins/pack.angular.win_3.6.0.202002112320/Angular.ng-template-0.900.4-fixed/node_modules/typescript/lib/tsserverlibrary.js/../../..,c:\Users\User\.p2\pool\plugins\pack.angular.win_3.6.0.202002112320\Angular.ng-template-0.900.4-fixed\server\node_modules\@angular\language-service\bundles\language-service.umd.js
Info 10   [19:31:35.411] Loading @angular/language-service from c:/Users/User/.p2/pool/plugins/pack.angular.win_3.6.0.202002112320/Angular.ng-template-0.900.4-fixed/node_modules/typescript/lib/tsserverlibrary.js/../../.. (resolved to c:/Users/User/.p2/pool/plugins/pack.angular.win_3.6.0.202002112320/Angular.ng-template-0.900.4-fixed/node_modules/node_modules)
Info 11   [19:31:35.469] Loading @angular/language-service from c:\Users\User\.p2\pool\plugins\pack.angular.win_3.6.0.202002112320\Angular.ng-template-0.900.4-fixed\server\node_modules\@angular\language-service\bundles\language-service.umd.js (resolved to c:/Users/User/.p2/pool/plugins/pack.angular.win_3.6.0.202002112320/Angular.ng-template-0.900.4-fixed/server/node_modules/@angular/language-service/bundles/language-service.umd.js/node_modules)
Info 12   [19:31:38.789] Plugin validation succeded
Info 13   [19:31:39.474] Starting updateGraphWorker: Project: c:/Users/User/eclipse-workspace/testApp/tsconfig.json
Info 14   [19:32:1.689] Finishing updateGraphWorker: Project: c:/Users/User/eclipse-workspace/testApp/tsconfig.json Version: 1 structureChanged: true Elapsed: 22215ms
Info 15   [19:32:1.689] Project 'c:/Users/User/eclipse-workspace/testApp/tsconfig.json' (Configured) 
Info 16   [19:32:1.689] 	Files (309)

Info 17   [19:32:1.690] -----------------------------------------------
Info 18   [19:32:1.710] Starting updateGraphWorker: Project: c:/Users/User/eclipse-workspace/testApp/tsconfig.json
Info 19   [19:32:1.778] Finishing updateGraphWorker: Project: c:/Users/User/eclipse-workspace/testApp/tsconfig.json Version: 2 structureChanged: false Elapsed: 68ms
Info 20   [19:32:1.778] Different program with same set of files:: oldProgram.structureIsReused:: 2
Info 21   [19:32:1.787] Loading global plugin @angular/language-service
Info 22   [19:32:1.787] Enabling plugin @angular/language-service from candidate paths: c:/Users/User/.p2/pool/plugins/pack.angular.win_3.6.0.202002112320/Angular.ng-template-0.900.4-fixed/node_modules/typescript/lib/tsserverlibrary.js/../../..,c:\Users\User\.p2\pool\plugins\pack.angular.win_3.6.0.202002112320\Angular.ng-template-0.900.4-fixed\server\node_modules\@angular\language-service\bundles\language-service.umd.js
Info 23   [19:32:1.787] Loading @angular/language-service from c:/Users/User/.p2/pool/plugins/pack.angular.win_3.6.0.202002112320/Angular.ng-template-0.900.4-fixed/node_modules/typescript/lib/tsserverlibrary.js/../../.. (resolved to c:/Users/User/.p2/pool/plugins/pack.angular.win_3.6.0.202002112320/Angular.ng-template-0.900.4-fixed/node_modules/node_modules)
Info 24   [19:32:1.789] Loading @angular/language-service from c:\Users\User\.p2\pool\plugins\pack.angular.win_3.6.0.202002112320\Angular.ng-template-0.900.4-fixed\server\node_modules\@angular\language-service\bundles\language-service.umd.js (resolved to c:/Users/User/.p2/pool/plugins/pack.angular.win_3.6.0.202002112320/Angular.ng-template-0.900.4-fixed/server/node_modules/@angular/language-service/bundles/language-service.umd.js/node_modules)
Info 25   [19:32:1.849] Plugin validation succeded
Info 26   [19:32:1.854] Starting updateGraphWorker: Project: /dev/null/inferredProject1*
Info 27   [19:32:7.305] Finishing updateGraphWorker: Project: /dev/null/inferredProject1* Version: 1 structureChanged: true Elapsed: 5450ms
Info 28   [19:32:7.305] Project '/dev/null/inferredProject1*' (Inferred) 
Info 29   [19:32:7.305] 	Files (99)

Info 30   [19:32:7.305] -----------------------------------------------
Info 31   [19:32:7.312] DirectoryWatcher:: Triggered with c:/users/user/eclipse-workspace/testapp/node_modules/@angular/compiler/__ivy_ngcc__ :: WatchInfo: c:/users/user/eclipse-workspace/testapp 1 Project: c:/Users/User/eclipse-workspace/testApp/tsconfig.json WatchType: Wild card directory
Info 32   [19:32:7.315] Elapsed:: 1ms DirectoryWatcher:: Triggered with c:/users/user/eclipse-workspace/testapp/node_modules/@angular/compiler/__ivy_ngcc__ :: WatchInfo: c:/users/user/eclipse-workspace/testapp 1 Project: c:/Users/User/eclipse-workspace/testApp/tsconfig.json WatchType: Wild card directory
Info 33   [19:32:7.319] DirectoryWatcher:: Triggered with c:/users/user/eclipse-workspace/testapp/node_modules/@angular/core/__ivy_ngcc__ :: WatchInfo: c:/users/user/eclipse-workspace/testapp/node_modules 1 Project:  WatchType: node_modules for closed script infos in them
Info 34   [19:32:7.320] Elapsed:: 1ms DirectoryWatcher:: Triggered with c:/users/user/eclipse-workspace/testapp/node_modules/@angular/core/__ivy_ngcc__ :: WatchInfo: c:/users/user/eclipse-workspace/testapp/node_modules 1 Project:  WatchType: node_modules for closed script infos in them
Info 35   [19:32:7.321] DirectoryWatcher:: Triggered with c:/Users/User/eclipse-workspace/testApp/node_modules/@angular/core/__ivy_ngcc__ :: WatchInfo: c:/Users/User/eclipse-workspace/testApp/node_modules 1 Project: c:/Users/User/eclipse-workspace/testApp/tsconfig.json WatchType: Failed Lookup Locations
Info 36   [19:32:7.321] Elapsed:: 0ms DirectoryWatcher:: Triggered with c:/Users/User/eclipse-workspace/testApp/node_modules/@angular/core/__ivy_ngcc__ :: WatchInfo: c:/Users/User/eclipse-workspace/testApp/node_modules 1 Project: c:/Users/User/eclipse-workspace/testApp/tsconfig.json WatchType: Failed Lookup Locations
Info 37   [19:32:7.444] Search path: c:/Users/User/eclipse-workspace/testApp/src
Info 38   [19:32:7.445] For info: c:/Users/User/eclipse-workspace/testApp/src/main.ts :: Config file name: c:/Users/User/eclipse-workspace/testApp/tsconfig.json
Info 39   [19:32:7.453] Starting updateGraphWorker: Project: c:/Users/User/eclipse-workspace/testApp/tsconfig.json
Info 40   [19:32:7.568] Finishing updateGraphWorker: Project: c:/Users/User/eclipse-workspace/testApp/tsconfig.json Version: 3 structureChanged: false Elapsed: 115ms
Info 41   [19:32:7.568] Different program with same set of files:: oldProgram.structureIsReused:: 2
Info 42   [19:32:7.569] `remove Project::
Info 43   [19:32:7.569] Project '/dev/null/inferredProject1*' (Inferred) 
Info 44   [19:32:7.569] 	Files (99)

Info 45   [19:32:7.569] -----------------------------------------------
Info 46   [19:32:7.605] Structure before ensureProjectForOpenFiles:
Info 47   [19:32:7.605] Structure after ensureProjectForOpenFiles:
Info 48   [19:32:11.394] DirectoryWatcher:: Triggered with c:/users/user/eclipse-workspace/testapp/node_modules/@angular/animations/__ivy_ngcc__/fesm2015/browser :: WatchInfo: c:/users/user/eclipse-workspace/testapp/node_modules 1 Project:  WatchType: node_modules for closed script infos in them
Info 49   [19:32:11.394] Elapsed:: 0ms DirectoryWatcher:: Triggered with c:/users/user/eclipse-workspace/testapp/node_modules/@angular/animations/__ivy_ngcc__/fesm2015/browser :: WatchInfo: c:/users/user/eclipse-workspace/testapp/node_modules 1 Project:  WatchType: node_modules for closed script infos in them
Info 50   [19:32:11.395] DirectoryWatcher:: Triggered with c:/Users/User/eclipse-workspace/testApp/node_modules/@angular/animations/__ivy_ngcc__/fesm2015/browser :: WatchInfo: c:/Users/User/eclipse-workspace/testApp/node_modules 1 Project: c:/Users/User/eclipse-workspace/testApp/tsconfig.json WatchType: Failed Lookup Locations
Info 51   [19:32:11.396] Elapsed:: 0ms DirectoryWatcher:: Triggered with c:/Users/User/eclipse-workspace/testApp/node_modules/@angular/animations/__ivy_ngcc__/fesm2015/browser :: WatchInfo: c:/Users/User/eclipse-workspace/testApp/node_modules 1 Project: c:/Users/User/eclipse-workspace/testApp/tsconfig.json WatchType: Failed Lookup Locations
Info 52   [19:32:11.397] DirectoryWatcher:: Triggered with c:/users/user/eclipse-workspace/testapp/node_modules/@angular/animations/__ivy_ngcc__/fesm2015/browser :: WatchInfo: c:/users/user/eclipse-workspace/testapp 1 Project: c:/Users/User/eclipse-workspace/testApp/tsconfig.json WatchType: Wild card directory
Info 53   [19:32:11.397] Elapsed:: 0ms DirectoryWatcher:: Triggered with c:/users/user/eclipse-workspace/testapp/node_modules/@angular/animations/__ivy_ngcc__/fesm2015/browser :: WatchInfo: c:/users/user/eclipse-workspace/testapp 1 Project: c:/Users/User/eclipse-workspace/testApp/tsconfig.json WatchType: Wild card directory
Info 54   [19:32:11.706] Starting updateGraphWorker: Project: c:/Users/User/eclipse-workspace/testApp/tsconfig.json
Info 55   [19:32:11.733] Finishing updateGraphWorker: Project: c:/Users/User/eclipse-workspace/testApp/tsconfig.json Version: 4 structureChanged: false Elapsed: 27ms
Info 56   [19:32:11.733] Different program with same set of files:: oldProgram.structureIsReused:: 2
Info 57   [19:32:11.733] Structure before ensureProjectForOpenFiles:
Info 58   [19:32:11.734] Structure after ensureProjectForOpenFiles:
Info 59   [19:32:14.799] DirectoryWatcher:: Triggered with c:/users/user/eclipse-workspace/testapp/node_modules/@angular/platform-browser/__ivy_ngcc__/fesm2015/animations.js :: WatchInfo: c:/users/user/eclipse-workspace/testapp/node_modules 1 Project:  WatchType: node_modules for closed script infos in them
Info 60   [19:32:14.800] Elapsed:: 1ms DirectoryWatcher:: Triggered with c:/users/user/eclipse-workspace/testapp/node_modules/@angular/platform-browser/__ivy_ngcc__/fesm2015/animations.js :: WatchInfo: c:/users/user/eclipse-workspace/testapp/node_modules 1 Project:  WatchType: node_modules for closed script infos in them
Info 61   [19:32:14.801] DirectoryWatcher:: Triggered with c:/Users/User/eclipse-workspace/testApp/node_modules/@angular/platform-browser/__ivy_ngcc__/fesm2015/animations.js :: WatchInfo: c:/Users/User/eclipse-workspace/testApp/node_modules 1 Project: c:/Users/User/eclipse-workspace/testApp/tsconfig.json WatchType: Failed Lookup Locations
Info 62   [19:32:14.802] Elapsed:: 1ms DirectoryWatcher:: Triggered with c:/Users/User/eclipse-workspace/testApp/node_modules/@angular/platform-browser/__ivy_ngcc__/fesm2015/animations.js :: WatchInfo: c:/Users/User/eclipse-workspace/testApp/node_modules 1 Project: c:/Users/User/eclipse-workspace/testApp/tsconfig.json WatchType: Failed Lookup Locations
Info 63   [19:32:14.803] DirectoryWatcher:: Triggered with c:/users/user/eclipse-workspace/testapp/node_modules/@angular/platform-browser/__ivy_ngcc__/fesm2015/animations.js :: WatchInfo: c:/users/user/eclipse-workspace/testapp 1 Project: c:/Users/User/eclipse-workspace/testApp/tsconfig.json WatchType: Wild card directory
Info 64   [19:32:14.803] Project: c:/Users/User/eclipse-workspace/testApp/tsconfig.json Detected file add/remove of non supported extension: c:/users/user/eclipse-workspace/testapp/node_modules/@angular/platform-browser/__ivy_ngcc__/fesm2015/animations.js
Info 65   [19:32:14.803] Elapsed:: 0ms DirectoryWatcher:: Triggered with c:/users/user/eclipse-workspace/testapp/node_modules/@angular/platform-browser/__ivy_ngcc__/fesm2015/animations.js :: WatchInfo: c:/users/user/eclipse-workspace/testapp 1 Project: c:/Users/User/eclipse-workspace/testApp/tsconfig.json WatchType: Wild card directory
Info 66   [19:32:14.814] DirectoryWatcher:: Triggered with c:/users/user/eclipse-workspace/testapp/node_modules/@angular/platform-browser/__ivy_ngcc__/fesm2015/animations.js.map :: WatchInfo: c:/users/user/eclipse-workspace/testapp/node_modules 1 Project:  WatchType: node_modules for closed script infos in them
Info 67   [19:32:14.814] Elapsed:: 0ms DirectoryWatcher:: Triggered with c:/users/user/eclipse-workspace/testapp/node_modules/@angular/platform-browser/__ivy_ngcc__/fesm2015/animations.js.map :: WatchInfo: c:/users/user/eclipse-workspace/testapp/node_modules 1 Project:  WatchType: node_modules for closed script infos in them
Info 68   [19:32:14.818] DirectoryWatcher:: Triggered with c:/Users/User/eclipse-workspace/testApp/node_modules/@angular/platform-browser/__ivy_ngcc__/fesm2015/animations.js.map :: WatchInfo: c:/Users/User/eclipse-workspace/testApp/node_modules 1 Project: c:/Users/User/eclipse-workspace/testApp/tsconfig.json WatchType: Failed Lookup Locations
Info 69   [19:32:14.819] Elapsed:: 0ms DirectoryWatcher:: Triggered with c:/Users/User/eclipse-workspace/testApp/node_modules/@angular/platform-browser/__ivy_ngcc__/fesm2015/animations.js.map :: WatchInfo: c:/Users/User/eclipse-workspace/testApp/node_modules 1 Project: c:/Users/User/eclipse-workspace/testApp/tsconfig.json WatchType: Failed Lookup Locations
Info 70   [19:32:14.820] DirectoryWatcher:: Triggered with c:/Users/User/eclipse-workspace/testApp/node_modules/@angular/platform-browser/animations/animations.d.ts :: WatchInfo: c:/Users/User/eclipse-workspace/testApp/node_modules 1 Project: c:/Users/User/eclipse-workspace/testApp/tsconfig.json WatchType: Failed Lookup Locations
Info 71   [19:32:14.820] Elapsed:: 0ms DirectoryWatcher:: Triggered with c:/Users/User/eclipse-workspace/testApp/node_modules/@angular/platform-browser/animations/animations.d.ts :: WatchInfo: c:/Users/User/eclipse-workspace/testApp/node_modules 1 Project: c:/Users/User/eclipse-workspace/testApp/tsconfig.json WatchType: Failed Lookup Locations
Info 72   [19:32:14.820] DirectoryWatcher:: Triggered with c:/Users/User/eclipse-workspace/testApp/node_modules/@angular/platform-browser/animations/animations.d.ts.__ivy_ngcc_bak :: WatchInfo: c:/Users/User/eclipse-workspace/testApp/node_modules 1 Project: c:/Users/User/eclipse-workspace/testApp/tsconfig.json WatchType: Failed Lookup Locations
Info 73   [19:32:14.821] Elapsed:: 0ms DirectoryWatcher:: Triggered with c:/Users/User/eclipse-workspace/testApp/node_modules/@angular/platform-browser/animations/animations.d.ts.__ivy_ngcc_bak :: WatchInfo: c:/Users/User/eclipse-workspace/testApp/node_modules 1 Project: c:/Users/User/eclipse-workspace/testApp/tsconfig.json WatchType: Failed Lookup Locations
Info 74   [19:32:14.823] DirectoryWatcher:: Triggered with c:/users/user/eclipse-workspace/testapp/node_modules/@angular/platform-browser/__ivy_ngcc__/fesm2015/animations.js.map :: WatchInfo: c:/users/user/eclipse-workspace/testapp 1 Project: c:/Users/User/eclipse-workspace/testApp/tsconfig.json WatchType: Wild card directory
Info 75   [19:32:14.823] Project: c:/Users/User/eclipse-workspace/testApp/tsconfig.json Detected file add/remove of non supported extension: c:/users/user/eclipse-workspace/testapp/node_modules/@angular/platform-browser/__ivy_ngcc__/fesm2015/animations.js.map
Info 76   [19:32:14.823] Elapsed:: 0ms DirectoryWatcher:: Triggered with c:/users/user/eclipse-workspace/testapp/node_modules/@angular/platform-browser/__ivy_ngcc__/fesm2015/animations.js.map :: WatchInfo: c:/users/user/eclipse-workspace/testapp 1 Project: c:/Users/User/eclipse-workspace/testApp/tsconfig.json WatchType: Wild card directory
Info 77   [19:32:14.824] DirectoryWatcher:: Triggered with c:/users/user/eclipse-workspace/testapp/node_modules/@angular/platform-browser/animations/animations.d.ts :: WatchInfo: c:/users/user/eclipse-workspace/testapp 1 Project: c:/Users/User/eclipse-workspace/testApp/tsconfig.json WatchType: Wild card directory
Info 78   [19:32:14.825] Elapsed:: 0ms DirectoryWatcher:: Triggered with c:/users/user/eclipse-workspace/testapp/node_modules/@angular/platform-browser/animations/animations.d.ts :: WatchInfo: c:/users/user/eclipse-workspace/testapp 1 Project: c:/Users/User/eclipse-workspace/testApp/tsconfig.json WatchType: Wild card directory
Info 79   [19:32:14.826] DirectoryWatcher:: Triggered with c:/users/user/eclipse-workspace/testapp/node_modules/@angular/platform-browser/animations/animations.d.ts.__ivy_ngcc_bak :: WatchInfo: c:/users/user/eclipse-workspace/testapp 1 Project: c:/Users/User/eclipse-workspace/testApp/tsconfig.json WatchType: Wild card directory
Info 80   [19:32:14.826] Project: c:/Users/User/eclipse-workspace/testApp/tsconfig.json Detected file add/remove of non supported extension: c:/users/user/eclipse-workspace/testapp/node_modules/@angular/platform-browser/animations/animations.d.ts.__ivy_ngcc_bak
Info 81   [19:32:14.826] Elapsed:: 0ms DirectoryWatcher:: Triggered with c:/users/user/eclipse-workspace/testapp/node_modules/@angular/platform-browser/animations/animations.d.ts.__ivy_ngcc_bak :: WatchInfo: c:/users/user/eclipse-workspace/testapp 1 Project: c:/Users/User/eclipse-workspace/testApp/tsconfig.json WatchType: Wild card directory
Info 82   [19:32:14.829] DirectoryWatcher:: Triggered with c:/users/user/eclipse-workspace/testapp/node_modules/@angular/platform-browser/animations/animations.d.ts :: WatchInfo: c:/users/user/eclipse-workspace/testapp 1 Project: c:/Users/User/eclipse-workspace/testApp/tsconfig.json WatchType: Wild card directory
Info 83   [19:32:14.829] Elapsed:: 0ms DirectoryWatcher:: Triggered with c:/users/user/eclipse-workspace/testapp/node_modules/@angular/platform-browser/animations/animations.d.ts :: WatchInfo: c:/users/user/eclipse-workspace/testapp 1 Project: c:/Users/User/eclipse-workspace/testApp/tsconfig.json WatchType: Wild card directory
Info 84   [19:32:14.833] DirectoryWatcher:: Triggered with c:/users/user/eclipse-workspace/testapp/node_modules/@angular/platform-browser/animations/animations.d.ts :: WatchInfo: c:/users/user/eclipse-workspace/testapp/node_modules 1 Project:  WatchType: node_modules for closed script infos in them
Info 85   [19:32:14.833] Elapsed:: 0ms DirectoryWatcher:: Triggered with c:/users/user/eclipse-workspace/testapp/node_modules/@angular/platform-browser/animations/animations.d.ts :: WatchInfo: c:/users/user/eclipse-workspace/testapp/node_modules 1 Project:  WatchType: node_modules for closed script infos in them
Info 86   [19:32:14.834] DirectoryWatcher:: Triggered with c:/users/user/eclipse-workspace/testapp/node_modules/@angular/platform-browser/animations/animations.d.ts.__ivy_ngcc_bak :: WatchInfo: c:/users/user/eclipse-workspace/testapp/node_modules 1 Project:  WatchType: node_modules for closed script infos in them
Info 87   [19:32:14.834] Elapsed:: 0ms DirectoryWatcher:: Triggered with c:/users/user/eclipse-workspace/testapp/node_modules/@angular/platform-browser/animations/animations.d.ts.__ivy_ngcc_bak :: WatchInfo: c:/users/user/eclipse-workspace/testapp/node_modules 1 Project:  WatchType: node_modules for closed script infos in them
Info 88   [19:32:14.836] DirectoryWatcher:: Triggered with c:/users/user/eclipse-workspace/testapp/node_modules/@angular/platform-browser/animations/animations.d.ts :: WatchInfo: c:/users/user/eclipse-workspace/testapp/node_modules 1 Project:  WatchType: node_modules for closed script infos in them
Info 89   [19:32:14.836] Elapsed:: 0ms DirectoryWatcher:: Triggered with c:/users/user/eclipse-workspace/testapp/node_modules/@angular/platform-browser/animations/animations.d.ts :: WatchInfo: c:/users/user/eclipse-workspace/testapp/node_modules 1 Project:  WatchType: node_modules for closed script infos in them
Info 90   [19:32:14.844] DirectoryWatcher:: Triggered with c:/Users/User/eclipse-workspace/testApp/node_modules/@angular/platform-browser/animations/animations.d.ts :: WatchInfo: c:/Users/User/eclipse-workspace/testApp/node_modules 1 Project: c:/Users/User/eclipse-workspace/testApp/tsconfig.json WatchType: Failed Lookup Locations
Info 91   [19:32:14.844] Elapsed:: 0ms DirectoryWatcher:: Triggered with c:/Users/User/eclipse-workspace/testApp/node_modules/@angular/platform-browser/animations/animations.d.ts :: WatchInfo: c:/Users/User/eclipse-workspace/testApp/node_modules 1 Project: c:/Users/User/eclipse-workspace/testApp/tsconfig.json WatchType: Failed Lookup Locations
Info 92   [19:32:15.84] Starting updateGraphWorker: Project: c:/Users/User/eclipse-workspace/testApp/tsconfig.json
Info 93   [19:32:17.512] Finishing updateGraphWorker: Project: c:/Users/User/eclipse-workspace/testApp/tsconfig.json Version: 5 structureChanged: true Elapsed: 2428ms
Info 94   [19:32:17.512] Different program with same set of files:: oldProgram.structureIsReused:: 1
Info 95   [19:32:17.513] Structure before ensureProjectForOpenFiles:
Info 96   [19:32:17.514] Structure after ensureProjectForOpenFiles:
Info 97   [19:32:17.723] DirectoryWatcher:: Triggered with c:/users/user/eclipse-workspace/testapp/node_modules/@angular/forms/__ivy_ngcc__ :: WatchInfo: c:/users/user/eclipse-workspace/testapp/node_modules 1 Project:  WatchType: node_modules for closed script infos in them
Info 98   [19:32:17.724] Elapsed:: 1ms DirectoryWatcher:: Triggered with c:/users/user/eclipse-workspace/testapp/node_modules/@angular/forms/__ivy_ngcc__ :: WatchInfo: c:/users/user/eclipse-workspace/testapp/node_modules 1 Project:  WatchType: node_modules for closed script infos in them
Info 99   [19:32:17.725] DirectoryWatcher:: Triggered with c:/Users/User/eclipse-workspace/testApp/node_modules/@angular/forms/__ivy_ngcc__ :: WatchInfo: c:/Users/User/eclipse-workspace/testApp/node_modules 1 Project: c:/Users/User/eclipse-workspace/testApp/tsconfig.json WatchType: Failed Lookup Locations
Info 100  [19:32:17.725] Elapsed:: 0ms DirectoryWatcher:: Triggered with c:/Users/User/eclipse-workspace/testApp/node_modules/@angular/forms/__ivy_ngcc__ :: WatchInfo: c:/Users/User/eclipse-workspace/testApp/node_modules 1 Project: c:/Users/User/eclipse-workspace/testApp/tsconfig.json WatchType: Failed Lookup Locations
Info 101  [19:32:17.726] DirectoryWatcher:: Triggered with c:/users/user/eclipse-workspace/testapp/node_modules/@angular/forms/__ivy_ngcc__ :: WatchInfo: c:/users/user/eclipse-workspace/testapp 1 Project: c:/Users/User/eclipse-workspace/testApp/tsconfig.json WatchType: Wild card directory
Info 102  [19:32:17.726] Elapsed:: 0ms DirectoryWatcher:: Triggered with c:/users/user/eclipse-workspace/testapp/node_modules/@angular/forms/__ivy_ngcc__ :: WatchInfo: c:/users/user/eclipse-workspace/testapp 1 Project: c:/Users/User/eclipse-workspace/testApp/tsconfig.json WatchType: Wild card directory
Info 103  [19:32:17.827] DirectoryWatcher:: Triggered with c:/users/user/eclipse-workspace/testapp/node_modules/@angular/router/__ivy_ngcc__/fesm2015/testing.js :: WatchInfo: c:/users/user/eclipse-workspace/testapp/node_modules 1 Project:  WatchType: node_modules for closed script infos in them
Info 104  [19:32:17.827] Elapsed:: 0ms DirectoryWatcher:: Triggered with c:/users/user/eclipse-workspace/testapp/node_modules/@angular/router/__ivy_ngcc__/fesm2015/testing.js :: WatchInfo: c:/users/user/eclipse-workspace/testapp/node_modules 1 Project:  WatchType: node_modules for closed script infos in them
Info 105  [19:32:17.828] DirectoryWatcher:: Triggered with c:/Users/User/eclipse-workspace/testApp/node_modules/@angular/router/__ivy_ngcc__/fesm2015/testing.js :: WatchInfo: c:/Users/User/eclipse-workspace/testApp/node_modules 1 Project: c:/Users/User/eclipse-workspace/testApp/tsconfig.json WatchType: Failed Lookup Locations
Info 106  [19:32:17.828] Elapsed:: 0ms DirectoryWatcher:: Triggered with c:/Users/User/eclipse-workspace/testApp/node_modules/@angular/router/__ivy_ngcc__/fesm2015/testing.js :: WatchInfo: c:/Users/User/eclipse-workspace/testApp/node_modules 1 Project: c:/Users/User/eclipse-workspace/testApp/tsconfig.json WatchType: Failed Lookup Locations
Info 107  [19:32:17.830] DirectoryWatcher:: Triggered with c:/users/user/eclipse-workspace/testapp/node_modules/@angular/router/__ivy_ngcc__/fesm2015/testing.js :: WatchInfo: c:/users/user/eclipse-workspace/testapp 1 Project: c:/Users/User/eclipse-workspace/testApp/tsconfig.json WatchType: Wild card directory
Info 108  [19:32:17.831] Project: c:/Users/User/eclipse-workspace/testApp/tsconfig.json Detected file add/remove of non supported extension: c:/users/user/eclipse-workspace/testapp/node_modules/@angular/router/__ivy_ngcc__/fesm2015/testing.js
Info 109  [19:32:17.831] Elapsed:: 0ms DirectoryWatcher:: Triggered with c:/users/user/eclipse-workspace/testapp/node_modules/@angular/router/__ivy_ngcc__/fesm2015/testing.js :: WatchInfo: c:/users/user/eclipse-workspace/testapp 1 Project: c:/Users/User/eclipse-workspace/testApp/tsconfig.json WatchType: Wild card directory
Info 110  [19:32:17.848] DirectoryWatcher:: Triggered with c:/Users/User/eclipse-workspace/testApp/node_modules/@angular/router/__ivy_ngcc__/fesm2015/testing.js.map :: WatchInfo: c:/Users/User/eclipse-workspace/testApp/node_modules 1 Project: c:/Users/User/eclipse-workspace/testApp/tsconfig.json WatchType: Failed Lookup Locations
Info 111  [19:32:17.848] Elapsed:: 0ms DirectoryWatcher:: Triggered with c:/Users/User/eclipse-workspace/testApp/node_modules/@angular/router/__ivy_ngcc__/fesm2015/testing.js.map :: WatchInfo: c:/Users/User/eclipse-workspace/testApp/node_modules 1 Project: c:/Users/User/eclipse-workspace/testApp/tsconfig.json WatchType: Failed Lookup Locations
Info 112  [19:32:17.855] DirectoryWatcher:: Triggered with c:/users/user/eclipse-workspace/testapp/node_modules/@angular/router/__ivy_ngcc__/fesm2015/testing.js.map :: WatchInfo: c:/users/user/eclipse-workspace/testapp 1 Project: c:/Users/User/eclipse-workspace/testApp/tsconfig.json WatchType: Wild card directory
Info 113  [19:32:17.855] Project: c:/Users/User/eclipse-workspace/testApp/tsconfig.json Detected file add/remove of non supported extension: c:/users/user/eclipse-workspace/testapp/node_modules/@angular/router/__ivy_ngcc__/fesm2015/testing.js.map
Info 114  [19:32:17.855] Elapsed:: 0ms DirectoryWatcher:: Triggered with c:/users/user/eclipse-workspace/testapp/node_modules/@angular/router/__ivy_ngcc__/fesm2015/testing.js.map :: WatchInfo: c:/users/user/eclipse-workspace/testapp 1 Project: c:/Users/User/eclipse-workspace/testApp/tsconfig.json WatchType: Wild card directory
Info 115  [19:32:17.858] DirectoryWatcher:: Triggered with c:/users/user/eclipse-workspace/testapp/node_modules/@angular/router/testing/testing.d.ts :: WatchInfo: c:/users/user/eclipse-workspace/testapp 1 Project: c:/Users/User/eclipse-workspace/testApp/tsconfig.json WatchType: Wild card directory
Info 116  [19:32:17.858] Elapsed:: 0ms DirectoryWatcher:: Triggered with c:/users/user/eclipse-workspace/testapp/node_modules/@angular/router/testing/testing.d.ts :: WatchInfo: c:/users/user/eclipse-workspace/testapp 1 Project: c:/Users/User/eclipse-workspace/testApp/tsconfig.json WatchType: Wild card directory
Info 117  [19:32:17.859] DirectoryWatcher:: Triggered with c:/users/user/eclipse-workspace/testapp/node_modules/@angular/router/testing/testing.d.ts.__ivy_ngcc_bak :: WatchInfo: c:/users/user/eclipse-workspace/testapp 1 Project: c:/Users/User/eclipse-workspace/testApp/tsconfig.json WatchType: Wild card directory
Info 118  [19:32:17.859] Project: c:/Users/User/eclipse-workspace/testApp/tsconfig.json Detected file add/remove of non supported extension: c:/users/user/eclipse-workspace/testapp/node_modules/@angular/router/testing/testing.d.ts.__ivy_ngcc_bak
Info 119  [19:32:17.859] Elapsed:: 0ms DirectoryWatcher:: Triggered with c:/users/user/eclipse-workspace/testapp/node_modules/@angular/router/testing/testing.d.ts.__ivy_ngcc_bak :: WatchInfo: c:/users/user/eclipse-workspace/testapp 1 Project: c:/Users/User/eclipse-workspace/testApp/tsconfig.json WatchType: Wild card directory
Info 120  [19:32:17.862] DirectoryWatcher:: Triggered with c:/users/user/eclipse-workspace/testapp/node_modules/@angular/router/testing/testing.d.ts :: WatchInfo: c:/users/user/eclipse-workspace/testapp 1 Project: c:/Users/User/eclipse-workspace/testApp/tsconfig.json WatchType: Wild card directory
Info 121  [19:32:17.862] Elapsed:: 0ms DirectoryWatcher:: Triggered with c:/users/user/eclipse-workspace/testapp/node_modules/@angular/router/testing/testing.d.ts :: WatchInfo: c:/users/user/eclipse-workspace/testapp 1 Project: c:/Users/User/eclipse-workspace/testApp/tsconfig.json WatchType: Wild card directory
Info 122  [19:32:17.875] DirectoryWatcher:: Triggered with c:/users/user/eclipse-workspace/testapp/node_modules/@angular/router/__ivy_ngcc__/fesm2015/testing.js.map :: WatchInfo: c:/users/user/eclipse-workspace/testapp/node_modules 1 Project:  WatchType: node_modules for closed script infos in them
Info 123  [19:32:17.875] Elapsed:: 0ms DirectoryWatcher:: Triggered with c:/users/user/eclipse-workspace/testapp/node_modules/@angular/router/__ivy_ngcc__/fesm2015/testing.js.map :: WatchInfo: c:/users/user/eclipse-workspace/testapp/node_modules 1 Project:  WatchType: node_modules for closed script infos in them
Info 124  [19:32:17.878] DirectoryWatcher:: Triggered with c:/users/user/eclipse-workspace/testapp/node_modules/@angular/router/testing/testing.d.ts :: WatchInfo: c:/users/user/eclipse-workspace/testapp/node_modules 1 Project:  WatchType: node_modules for closed script infos in them
Info 125  [19:32:17.879] Elapsed:: 1ms DirectoryWatcher:: Triggered with c:/users/user/eclipse-workspace/testapp/node_modules/@angular/router/testing/testing.d.ts :: WatchInfo: c:/users/user/eclipse-workspace/testapp/node_modules 1 Project:  WatchType: node_modules for closed script infos in them
Info 126  [19:32:17.880] DirectoryWatcher:: Triggered with c:/users/user/eclipse-workspace/testapp/node_modules/@angular/router/testing/testing.d.ts.__ivy_ngcc_bak :: WatchInfo: c:/users/user/eclipse-workspace/testapp/node_modules 1 Project:  WatchType: node_modules for closed script infos in them
Info 127  [19:32:17.880] Elapsed:: 0ms DirectoryWatcher:: Triggered with c:/users/user/eclipse-workspace/testapp/node_modules/@angular/router/testing/testing.d.ts.__ivy_ngcc_bak :: WatchInfo: c:/users/user/eclipse-workspace/testapp/node_modules 1 Project:  WatchType: node_modules for closed script infos in them
Info 128  [19:32:17.891] DirectoryWatcher:: Triggered with c:/users/user/eclipse-workspace/testapp/node_modules/@angular/router/testing/testing.d.ts :: WatchInfo: c:/users/user/eclipse-workspace/testapp/node_modules 1 Project:  WatchType: node_modules for closed script infos in them
Info 129  [19:32:17.892] Elapsed:: 1ms DirectoryWatcher:: Triggered with c:/users/user/eclipse-workspace/testapp/node_modules/@angular/router/testing/testing.d.ts :: WatchInfo: c:/users/user/eclipse-workspace/testapp/node_modules 1 Project:  WatchType: node_modules for closed script infos in them
Info 130  [19:32:17.905] DirectoryWatcher:: Triggered with c:/Users/User/eclipse-workspace/testApp/node_modules/@angular/router/testing/testing.d.ts :: WatchInfo: c:/Users/User/eclipse-workspace/testApp/node_modules 1 Project: c:/Users/User/eclipse-workspace/testApp/tsconfig.json WatchType: Failed Lookup Locations
Info 131  [19:32:17.905] Elapsed:: 0ms DirectoryWatcher:: Triggered with c:/Users/User/eclipse-workspace/testApp/node_modules/@angular/router/testing/testing.d.ts :: WatchInfo: c:/Users/User/eclipse-workspace/testApp/node_modules 1 Project: c:/Users/User/eclipse-workspace/testApp/tsconfig.json WatchType: Failed Lookup Locations
Info 132  [19:32:17.906] DirectoryWatcher:: Triggered with c:/Users/User/eclipse-workspace/testApp/node_modules/@angular/router/testing/testing.d.ts.__ivy_ngcc_bak :: WatchInfo: c:/Users/User/eclipse-workspace/testApp/node_modules 1 Project: c:/Users/User/eclipse-workspace/testApp/tsconfig.json WatchType: Failed Lookup Locations
Info 133  [19:32:17.906] Elapsed:: 0ms DirectoryWatcher:: Triggered with c:/Users/User/eclipse-workspace/testApp/node_modules/@angular/router/testing/testing.d.ts.__ivy_ngcc_bak :: WatchInfo: c:/Users/User/eclipse-workspace/testApp/node_modules 1 Project: c:/Users/User/eclipse-workspace/testApp/tsconfig.json WatchType: Failed Lookup Locations
Info 134  [19:32:17.909] DirectoryWatcher:: Triggered with c:/Users/User/eclipse-workspace/testApp/node_modules/@angular/router/testing/testing.d.ts :: WatchInfo: c:/Users/User/eclipse-workspace/testApp/node_modules 1 Project: c:/Users/User/eclipse-workspace/testApp/tsconfig.json WatchType: Failed Lookup Locations
Info 135  [19:32:17.909] Elapsed:: 0ms DirectoryWatcher:: Triggered with c:/Users/User/eclipse-workspace/testApp/node_modules/@angular/router/testing/testing.d.ts :: WatchInfo: c:/Users/User/eclipse-workspace/testApp/node_modules 1 Project: c:/Users/User/eclipse-workspace/testApp/tsconfig.json WatchType: Failed Lookup Locations
Info 136  [19:32:17.916] DirectoryWatcher:: Triggered with c:/Users/User/eclipse-workspace/testApp/node_modules/@angular/compiler-cli/ngcc/__ngcc_lock_file__ :: WatchInfo: c:/Users/User/eclipse-workspace/testApp/node_modules 1 Project: c:/Users/User/eclipse-workspace/testApp/tsconfig.json WatchType: Failed Lookup Locations
Info 137  [19:32:17.916] Elapsed:: 0ms DirectoryWatcher:: Triggered with c:/Users/User/eclipse-workspace/testApp/node_modules/@angular/compiler-cli/ngcc/__ngcc_lock_file__ :: WatchInfo: c:/Users/User/eclipse-workspace/testApp/node_modules 1 Project: c:/Users/User/eclipse-workspace/testApp/tsconfig.json WatchType: Failed Lookup Locations
Info 138  [19:32:17.956] DirectoryWatcher:: Triggered with c:/users/user/eclipse-workspace/testapp/node_modules/@angular/compiler-cli/ngcc/__ngcc_lock_file__ :: WatchInfo: c:/users/user/eclipse-workspace/testapp 1 Project: c:/Users/User/eclipse-workspace/testApp/tsconfig.json WatchType: Wild card directory
Info 139  [19:32:17.957] Elapsed:: 0ms DirectoryWatcher:: Triggered with c:/users/user/eclipse-workspace/testapp/node_modules/@angular/compiler-cli/ngcc/__ngcc_lock_file__ :: WatchInfo: c:/users/user/eclipse-workspace/testapp 1 Project: c:/Users/User/eclipse-workspace/testApp/tsconfig.json WatchType: Wild card directory
Info 140  [19:32:17.957] DirectoryWatcher:: Triggered with c:/users/user/eclipse-workspace/testapp/node_modules/@angular/compiler-cli/ngcc/__ngcc_lock_file__ :: WatchInfo: c:/users/user/eclipse-workspace/testapp/node_modules 1 Project:  WatchType: node_modules for closed script infos in them
Info 141  [19:32:17.957] Elapsed:: 0ms DirectoryWatcher:: Triggered with c:/users/user/eclipse-workspace/testapp/node_modules/@angular/compiler-cli/ngcc/__ngcc_lock_file__ :: WatchInfo: c:/users/user/eclipse-workspace/testapp/node_modules 1 Project:  WatchType: node_modules for closed script infos in them
Info 142  [19:32:18.215] Starting updateGraphWorker: Project: c:/Users/User/eclipse-workspace/testApp/tsconfig.json
Info 143  [19:32:20.551] Finishing updateGraphWorker: Project: c:/Users/User/eclipse-workspace/testApp/tsconfig.json Version: 6 structureChanged: true Elapsed: 2336ms
Info 144  [19:32:20.551] Different program with same set of files:: oldProgram.structureIsReused:: 0
Info 145  [19:32:20.552] Structure before ensureProjectForOpenFiles:
Info 146  [19:32:20.552] Structure after ensureProjectForOpenFiles:
